--------- start ----------
  308  mkdir Assignment2
1.
  309  find /etc -type f > one.txt 2> two.txt
  310  cat one.txt
  311  cat two.txt

2.
  337  wget https://raw.githubusercontent.com/jyotikahp/DemoRepoForCS131/main/Global%20YouTube%20Statistics.csv
  339  head -n 1 "Global YouTube Statistics.csv" | awk -F ',' '{for(i=1;i<=NF;i++) print i, $i}'
  340  cut -d ',' -f 20,21 "Global YouTube Statistics.csv"
  341  cut -d ',' -f 20,21 "Global YouTube Statistics.csv" | awk -F ',' '{count[$1","$2]++} END {for (date in count) print date" with "count[date]" channels"}'
  342  cut -d ',' -f 20,21 "Global YouTube Statistics.csv" | awk -F ',' '{count[$1","$2]++} \
  343  END {for (date in count) print date" with "count[date]" channels"}' | sort -r -t',' -k4,4 | head -n 3
  344  cut -d ',' -f 20,21 "Global YouTube Statistics.csv
  345  cut -d ',' -f 20,21 "Global YouTube Statistics.csv"
  346  head -n 1 "Global YouTube Statistics.csv" | awk -F ',' '{for(i=1;i<=NF;i++) print i, $i}'
  347  cut -d ',' -f 20,21 "Global YouTube Statistics.csv"
  348  cut -d ',' -f 20,21 "Global YouTube Statistics.csv" | awk -F ',' '{count[$1","$2]++} END {for (date in count) print date" with "count[date]" channels"}'
  349  sort
  350  cut -d ',' -f 20,21 "Global YouTube Statistics.csv" | sort | uniq -c | sort -nr | head -n 1 | awk '{print $2, $3}'
  351  cut -d ',' -f 20,21 "Global YouTube Statistics.csv" | awk -F ',' '{count[$1","$2]++} END {for (date in count) print date" with "count[date]" channels"}'
  352  cut -d ',' -f 20,21 "Global YouTube Statistics.csv" | awk -F ',' '{count[$1","$2]++} END {for (date in count) print date" with "count[date]" channels"}' | sort -nrk3
  353  head -n 3
  354  cut -d ',' -f 20,21 "Global YouTube Statistics.csv" | awk -F ',' '{count[$1","$2]++} END {for (date in count) print date" with "count[date]" channels"}' | sort -nrk3 | head -n 3

3.
  356  ps -u breannasp24
4.
  357  vi file.txt
  358  ls
  359  cd Assignment2
  360  nano Assignment2.txt
  361  cd
  362  ls
  363  cd Assignment2
  364  ls
  365  nano Assignment2.txt
  366  cmds.log
  367  history > cmds.log
